#
# A fatal error has been detected by the Java Runtime Environment:
#
#  EXCEPTION_ACCESS_VIOLATION (0xc0000005) at pc=0x690fac54, pid=168, tid=1188
#
# JRE version: 7.0_03-b05
# Java VM: Java HotSpot(TM) Client VM (22.1-b02 mixed mode windows-x86 )
# Problematic frame:
# C  [atioglxx.dll+0xfac54]
#
# Failed to write core dump. Minidumps are not enabled by default on client versions of Windows
#
# If you would like to submit a bug report, please visit:
#   http://bugreport.sun.com/bugreport/crash.jsp
# The crash happened outside the Java Virtual Machine in native code.
# See problematic frame for where to report the bug.
#

---------------  T H R E A D  ---------------

Current thread (0x499e6400):  JavaThread "Minecraft main thread" [_thread_in_native, id=1188, stack(0x4a910000,0x4a960000)]

siginfo: ExceptionCode=0xc0000005, reading address 0x629b9000

Registers:
EAX=0x00000000, EBX=0x629b9000, ECX=0x00000000, EDX=0x00000000
ESP=0x4a95f278, EBP=0x629f544d, ESI=0x4a9ad000, EDI=0x00000000
EIP=0x690fac54, EFLAGS=0x00010287

Top of Stack: (sp=0x4a95f278)
0x4a95f278:   49b77048 4a9ad000 4a95f290 00000000
0x4a95f288:   62975430 641c0098 00000031 690fc9f1
0x4a95f298:   0000003f 4a9ad000 4a95f308 00000000
0x4a95f2a8:   690fa128 00001405 49b77010 499e6400
0x4a95f2b8:   4a95f2f8 4a0c7b07 0000003f 00001405
0x4a95f2c8:   49b77010 00f25a50 499e6528 4a95f2f8
0x4a95f2d8:   0000003f 00001405 4a95f318 00000000
0x4a95f2e8:   5ed028e4 00000000 00000000 69315256 

Instructions: (pc=0x690fac54)
0x690fac34:   8b 03 8b c8 81 e1 ff ff 00 00 83 c3 04 81 f9 00
0x690fac44:   01 00 00 0f 87 1a 18 00 00 ff 24 8d e8 c4 0f 69
0x690fac54:   8b 13 c1 e8 10 8b ce 8b f8 e8 2e ff ff ff e9 02
0x690fac64:   18 00 00 8b 3b 83 c3 04 56 8b c3 e8 dc f4 ff ff 


Register to memory mapping:

EAX=0x00000000 is an unknown value
EBX=0x629b9000 is an unknown value
ECX=0x00000000 is an unknown value
EDX=0x00000000 is an unknown value
ESP=0x4a95f278 is pointing into the stack for thread: 0x499e6400
EBP=0x629f544d is an unknown value
ESI=0x4a9ad000 is an unknown value
EDI=0x00000000 is an unknown value


Stack: [0x4a910000,0x4a960000],  sp=0x4a95f278,  free space=316k
Native frames: (J=compiled Java code, j=interpreted, Vv=VM code, C=native code)
C  [atioglxx.dll+0xfac54]  atiPPHSN+0x26c04

Java frames: (J=compiled Java code, j=interpreted, Vv=VM code)
J  org.lwjgl.opengl.GL11.nglCallLists(IILjava/nio/Buffer;IJ)V
J  org.lwjgl.opengl.GL11.glCallLists(Ljava/nio/IntBuffer;)V
J  net.minecraft.src.RenderList.func_860_a()V
J  net.minecraft.src.RenderGlobal.renderAllRenderLists(ID)V
J  net.minecraft.src.RenderGlobal.renderSortedRenderers(IIID)I
J  net.minecraft.src.RenderGlobal.sortAndRender(Lnet/minecraft/src/EntityLiving;ID)I
J  net.minecraft.src.EntityRenderer.renderWorld(FJ)V
J  net.minecraft.src.EntityRenderer.updateCameraAndRender(F)V
J  net.minecraft.src.EntityRendererProxy.updateCameraAndRender(F)V
J  net.minecraft.client.Minecraft.runGameLoop()V
j  net.minecraft.client.Minecraft.run()V+34
j  java.lang.Thread.run()V+11
v  ~StubRoutines::call_stub

---------------  P R O C E S S  ---------------

Java Threads: ( => current thread )
  0x49667400 JavaThread "File IO Thread" [_thread_in_native, id=1944, stack(0x5ad10000,0x5ad60000)]
  0x61b84800 JavaThread "Resource download thread" daemon [_thread_in_native, id=1740, stack(0x4fd10000,0x4fd60000)]
  0x49b4ac00 JavaThread "Thread-9" [_thread_blocked, id=2756, stack(0x4ee30000,0x4ee80000)]
  0x49b60400 JavaThread "Thread-8" [_thread_blocked, id=2464, stack(0x4ede0000,0x4ee30000)]
  0x49b42800 JavaThread "Thread-7" daemon [_thread_in_native, id=356, stack(0x4ed90000,0x4ede0000)]
  0x009d7800 JavaThread "DestroyJavaVM" [_thread_blocked, id=2200, stack(0x00a00000,0x00a50000)]
=>0x499e6400 JavaThread "Minecraft main thread" [_thread_in_native, id=1188, stack(0x4a910000,0x4a960000)]
  0x499c5800 JavaThread "Timer hack thread" daemon [_thread_blocked, id=1900, stack(0x49ec0000,0x49f10000)]
  0x4994f800 JavaThread "D3D Screen Updater" daemon [_thread_blocked, id=476, stack(0x49e70000,0x49ec0000)]
  0x49920c00 JavaThread "AWT-EventQueue-0" [_thread_blocked, id=132, stack(0x49e20000,0x49e70000)]
  0x498edc00 JavaThread "AWT-Windows" daemon [_thread_in_native, id=428, stack(0x49d30000,0x49d80000)]
  0x498ec000 JavaThread "AWT-Shutdown" [_thread_blocked, id=1860, stack(0x49ce0000,0x49d30000)]
  0x498eb000 JavaThread "Java2D Disposer" daemon [_thread_blocked, id=1492, stack(0x49c90000,0x49ce0000)]
  0x49607000 JavaThread "Service Thread" daemon [_thread_blocked, id=216, stack(0x497f0000,0x49840000)]
  0x49601400 JavaThread "C1 CompilerThread0" daemon [_thread_blocked, id=3512, stack(0x497a0000,0x497f0000)]
  0x495ffc00 JavaThread "Attach Listener" daemon [_thread_blocked, id=3636, stack(0x49750000,0x497a0000)]
  0x495fe000 JavaThread "Signal Dispatcher" daemon [_thread_blocked, id=2636, stack(0x494d0000,0x49520000)]
  0x495fc800 JavaThread "Surrogate Locker Thread (Concurrent GC)" daemon [_thread_blocked, id=1316, stack(0x49480000,0x494d0000)]
  0x495c5400 JavaThread "Finalizer" daemon [_thread_blocked, id=316, stack(0x49430000,0x49480000)]
  0x495c0400 JavaThread "Reference Handler" daemon [_thread_blocked, id=664, stack(0x493e0000,0x49430000)]

Other Threads:
  0x46ecbc00 VMThread [stack: 0x49390000,0x493e0000] [id=2768]
  0x4961b000 WatcherThread [stack: 0x49840000,0x49890000] [id=1384]

VM state:not at safepoint (normal execution)

VM Mutex/Monitor currently owned by a thread: None

Heap
 par new generation   total 118016K, used 72254K [0x02ba0000, 0x0aba0000, 0x0aba0000)
  eden space 104960K,  60% used [0x02ba0000, 0x0696dfe0, 0x09220000)
  from space 13056K,  68% used [0x09ee0000, 0x0a7a1b98, 0x0aba0000)
  to   space 13056K,   0% used [0x09220000, 0x09220000, 0x09ee0000)
 concurrent mark-sweep generation total 917504K, used 46946K [0x0aba0000, 0x42ba0000, 0x42ba0000)
 concurrent-mark-sweep perm gen total 19716K, used 11804K [0x42ba0000, 0x43ee1000, 0x46ba0000)

Code Cache  [0x00a80000, 0x01030000, 0x02a80000)
 total_blobs=2698 nmethods=2346 adapters=287 free_code_cache=26968Kb largest_free_block=27615104

Dynamic libraries:
0x00400000 - 0x0042f000 	C:\Program Files\Java\jre7\bin\javaw.exe
0x7c900000 - 0x7c9af000 	C:\WINDOWS\system32\ntdll.dll
0x7c800000 - 0x7c8f6000 	C:\WINDOWS\system32\kernel32.dll
0x77dd0000 - 0x77e6b000 	C:\WINDOWS\system32\ADVAPI32.dll
0x77e70000 - 0x77f02000 	C:\WINDOWS\system32\RPCRT4.dll
0x77fe0000 - 0x77ff1000 	C:\WINDOWS\system32\Secur32.dll
0x7e410000 - 0x7e4a1000 	C:\WINDOWS\system32\USER32.dll
0x77f10000 - 0x77f59000 	C:\WINDOWS\system32\GDI32.dll
0x773d0000 - 0x774d3000 	C:\WINDOWS\WinSxS\x86_Microsoft.Windows.Common-Controls_6595b64144ccf1df_6.0.2600.5512_x-ww_35d4ce83\COMCTL32.dll
0x77c10000 - 0x77c68000 	C:\WINDOWS\system32\msvcrt.dll
0x77f60000 - 0x77fd6000 	C:\WINDOWS\system32\SHLWAPI.dll
0x76390000 - 0x763ad000 	C:\WINDOWS\system32\IMM32.DLL
0x629c0000 - 0x629c9000 	C:\WINDOWS\system32\LPK.DLL
0x74d90000 - 0x74dfb000 	C:\WINDOWS\system32\USP10.dll
0x7c9c0000 - 0x7d1d7000 	C:\WINDOWS\system32\SHELL32.dll
0x774e0000 - 0x7761d000 	C:\WINDOWS\system32\ole32.dll
0x71ab0000 - 0x71ac7000 	C:\WINDOWS\system32\WS2_32.dll
0x71aa0000 - 0x71aa8000 	C:\WINDOWS\system32\WS2HELP.dll
0x77a80000 - 0x77b15000 	C:\WINDOWS\system32\CRYPT32.dll
0x77b20000 - 0x77b32000 	C:\WINDOWS\system32\MSASN1.dll
0x771b0000 - 0x7725a000 	C:\WINDOWS\system32\WININET.dll
0x77120000 - 0x771ab000 	C:\WINDOWS\system32\OLEAUT32.dll
0x5b860000 - 0x5b8b5000 	C:\WINDOWS\system32\NETAPI32.dll
0x77c00000 - 0x77c08000 	C:\WINDOWS\system32\VERSION.dll
0x76b40000 - 0x76b6d000 	C:\WINDOWS\system32\WINMM.dll
0x78aa0000 - 0x78b5e000 	C:\Program Files\Java\jre7\bin\msvcr100.dll
0x6d830000 - 0x6db58000 	C:\Program Files\Java\jre7\bin\client\jvm.dll
0x71ad0000 - 0x71ad9000 	C:\WINDOWS\system32\WSOCK32.dll
0x76bf0000 - 0x76bfb000 	C:\WINDOWS\system32\PSAPI.DLL
0x6d7c0000 - 0x6d7cc000 	C:\Program Files\Java\jre7\bin\verify.dll
0x6d2f0000 - 0x6d310000 	C:\Program Files\Java\jre7\bin\java.dll
0x6d810000 - 0x6d823000 	C:\Program Files\Java\jre7\bin\zip.dll
0x6d000000 - 0x6d142000 	C:\Program Files\Java\jre7\bin\awt.dll
0x5ad70000 - 0x5ada8000 	C:\WINDOWS\system32\uxtheme.dll
0x74720000 - 0x7476c000 	C:\WINDOWS\system32\MSCTF.dll
0x755c0000 - 0x755ee000 	C:\WINDOWS\system32\msctfime.ime
0x4fdd0000 - 0x4ff76000 	C:\WINDOWS\system32\d3d9.dll
0x49530000 - 0x49536000 	C:\WINDOWS\system32\d3d8thk.dll
0x6d240000 - 0x6d26a000 	C:\Program Files\Java\jre7\bin\fontmanager.dll
0x4a0c0000 - 0x4a12b000 	C:\Documents and Settings\barbour\My Documents\minecraft decompiled\jars\bin\natives\lwjgl.dll
0x5ed00000 - 0x5edcc000 	C:\WINDOWS\system32\OPENGL32.dll
0x68b20000 - 0x68b40000 	C:\WINDOWS\system32\GLU32.dll
0x73760000 - 0x737ab000 	C:\WINDOWS\system32\DDRAW.dll
0x73bc0000 - 0x73bc6000 	C:\WINDOWS\system32\DCIMAN32.dll
0x6d320000 - 0x6d326000 	C:\Program Files\Java\jre7\bin\jawt.dll
0x69000000 - 0x69534000 	C:\WINDOWS\system32\atioglxx.dll
0x68000000 - 0x68036000 	C:\WINDOWS\system32\rsaenh.dll
0x769c0000 - 0x76a74000 	C:\WINDOWS\system32\USERENV.dll
0x6d5e0000 - 0x6d5f4000 	C:\Program Files\Java\jre7\bin\net.dll
0x71a50000 - 0x71a8f000 	C:\WINDOWS\System32\mswsock.dll
0x76f20000 - 0x76f47000 	C:\WINDOWS\system32\DNSAPI.dll
0x76fb0000 - 0x76fb8000 	C:\WINDOWS\System32\winrnr.dll
0x76f60000 - 0x76f8c000 	C:\WINDOWS\system32\WLDAP32.dll
0x76fc0000 - 0x76fc6000 	C:\WINDOWS\system32\rasadhlp.dll
0x6d600000 - 0x6d60f000 	C:\Program Files\Java\jre7\bin\nio.dll
0x6d760000 - 0x6d791000 	C:\Program Files\Java\jre7\bin\t2k.dll
0x4ebe0000 - 0x4ebf3000 	C:\Documents and Settings\barbour\My Documents\minecraft decompiled\jars\bin\natives\jinput-dx8.dll
0x6ce10000 - 0x6ce48000 	C:\WINDOWS\system32\DINPUT8.dll
0x688f0000 - 0x688f9000 	C:\WINDOWS\system32\HID.DLL
0x77920000 - 0x77a13000 	C:\WINDOWS\system32\SETUPAPI.DLL
0x76c30000 - 0x76c5e000 	C:\WINDOWS\system32\WINTRUST.dll
0x76c90000 - 0x76cb8000 	C:\WINDOWS\system32\IMAGEHLP.dll
0x4ed60000 - 0x4ed72000 	C:\Documents and Settings\barbour\My Documents\minecraft decompiled\jars\bin\natives\jinput-raw.dll
0x4ee80000 - 0x4efa9000 	C:\Documents and Settings\barbour\My Documents\minecraft decompiled\jars\bin\natives\OpenAL32.dll
0x73f10000 - 0x73f6c000 	C:\WINDOWS\system32\dsound.dll
0x72d20000 - 0x72d29000 	C:\WINDOWS\system32\wdmaud.drv
0x72d10000 - 0x72d18000 	C:\WINDOWS\system32\msacm32.drv
0x77be0000 - 0x77bf5000 	C:\WINDOWS\system32\MSACM32.dll
0x77bd0000 - 0x77bd7000 	C:\WINDOWS\system32\midimap.dll
0x73ee0000 - 0x73ee4000 	C:\WINDOWS\system32\KsUser.dll
0x662b0000 - 0x66308000 	C:\WINDOWS\system32\hnetcfg.dll
0x71a90000 - 0x71a98000 	C:\WINDOWS\System32\wshtcpip.dll
0x4fd90000 - 0x4fdaa000 	C:\Program Files\Dell\QuickSet\dadkeyb.dll

VM Arguments:
jvm_args: -Xincgc -Xmx1024M -Xms1024M -Djava.library.path=C:\Documents and Settings\barbour\My Documents\minecraft decompiled\jars\bin\natives;C:\Documents and Settings\barbour\My Documents\minecraft decompiled\jars\bin\natives;C:\Documents and Settings\barbour\My Documents\minecraft decompiled\jars\bin\natives -Dfile.encoding=Cp1252 
java_command: Start
Launcher Type: SUN_STANDARD

Environment Variables:
CLASSPATH=.;C:\Program Files\Java\jre1.6.0_05\lib\ext\QTJava.zip
PATH=C:/Program Files/Java/jre7/bin/client;C:/Program Files/Java/jre7/bin;C:/Program Files/Java/jre7/lib/i386;C:\WINDOWS\system32;C:\WINDOWS;C:\WINDOWS\System32\Wbem;C:\Program Files\ATI Technologies\ATI.ACE\Core-Static;C:\Program Files\Common Files\Roxio Shared\DLLShared\;C:\Program Files\QuickTime\QTSystem\C:\Program Files\Java\jdk1.7.0_03\bin;;C:\Documents and Settings\barbour\My Documents\eclipse\eclipse;
USERNAME=harry
OS=Windows_NT
PROCESSOR_IDENTIFIER=x86 Family 15 Model 104 Stepping 1, AuthenticAMD



---------------  S Y S T E M  ---------------

OS: Windows XP Build 2600 Service Pack 3

CPU:total 2 (2 cores per cpu, 1 threads per core) family 15 model 104 stepping 1, cmov, cx8, fxsr, mmx, sse, sse2, sse3, mmxext, 3dnowpref

Memory: 4k page, physical 1964004k(115476k free), swap 3903204k(1130008k free)

vm_info: Java HotSpot(TM) Client VM (22.1-b02) for windows-x86 JRE (1.7.0_03-b05), built on Feb  3 2012 20:43:37 by "java_re" with unknown MS VC++:1600

time: Mon Mar 26 17:16:13 2012
elapsed time: 194 seconds

